<?xml version="1.0" encoding="UTF-8"?>
<!-- Generated by org.testng.reporters.JUnitReportReporter -->
<testsuite skipped="0" hostname="CIPL-6PC249" name="tests.HRinnovaTest" tests="1" failures="0" timestamp="17 May 2018 11:03:59 GMT" time="0.520" errors="0">
  <testcase name="openBrowserTest" time="0.520" classname="tests.HRinnovaTest"/>
</testsuite> <!-- tests.HRinnovaTest -->
